<?xml version="1.0" encoding="UTF-8"?>
<!-- Generated by org.testng.reporters.JUnitXMLReporter -->
<testsuite ignored="0" hostname="MOHAN" failures="0" tests="4" name="FirefoxTest" time="0.162" errors="0" timestamp="2022-09-29T17:44:33 IST">
  <testcase classname="pack0.VerifyRoomsPage1" name="@BeforeTest openBrowser" time="0.059">
    <failure type="org.openqa.selenium.WebDriverException" message="Cannot find firefox binary in PATH. Make sure firefox is installed. OS appears to be: WIN8_1
Build info: version: &amp;apos;3.141.59&amp;apos;, revision: &amp;apos;e82be7d358&amp;apos;, time: &amp;apos;2018-11-14T08:17:03&amp;apos;
System info: host: &amp;apos;MOHAN&amp;apos;, ip: &amp;apos;192.168.43.92&amp;apos;, os.name: &amp;apos;Windows 8.1&amp;apos;, os.arch: &amp;apos;amd64&amp;apos;, os.version: &amp;apos;6.3&amp;apos;, java.version: &amp;apos;18.0.1.1&amp;apos;
Driver info: driver.version: FirefoxDriver">
      <![CDATA[org.openqa.selenium.WebDriverException: Cannot find firefox binary in PATH. Make sure firefox is installed. OS appears to be: WIN8_1
Build info: version: '3.141.59', revision: 'e82be7d358', time: '2018-11-14T08:17:03'
System info: host: 'MOHAN', ip: '192.168.43.92', os.name: 'Windows 8.1', os.arch: 'amd64', os.version: '6.3', java.version: '18.0.1.1'
Driver info: driver.version: FirefoxDriver
at org.openqa.selenium.firefox.FirefoxBinary.<init>(FirefoxBinary.java:100)
at java.base/java.util.Optional.orElseGet(Optional.java:364)
at org.openqa.selenium.firefox.FirefoxOptions.getBinary(FirefoxOptions.java:216)
at org.openqa.selenium.firefox.FirefoxDriver.toExecutor(FirefoxDriver.java:187)
at org.openqa.selenium.firefox.FirefoxDriver.<init>(FirefoxDriver.java:147)
at org.openqa.selenium.firefox.FirefoxDriver.<init>(FirefoxDriver.java:125)
at setup.Base.openFirefoxBrowser(Base.java:20)
at pack0.VerifyRoomsPage1.openBrowser(VerifyRoomsPage1.java:44)
... Removed 22 stack frames]]>
    </failure>
  </testcase> <!-- @BeforeTest openBrowser -->
  <testcase classname="pack0.VerifyRoomsPage2" name="@BeforeTest openBrowser" time="-1.664453673316E9">
    <skipped/>
  </testcase> <!-- @BeforeTest openBrowser -->
  <testcase classname="pack0.VerifyRoomsPage2" name="@BeforeClass creatPOMObject" time="-1.664453673337E9">
    <skipped/>
  </testcase> <!-- @BeforeClass creatPOMObject -->
  <testcase classname="pack0.VerifyRoomsPage2" name="@BeforeMethod openRoomPage" time="-1.664453673348E9">
    <skipped/>
  </testcase> <!-- @BeforeMethod openRoomPage -->
  <testcase classname="pack0.VerifyRoomsPage2" name="@AfterMethod afterMethod" time="-1.664453673355E9">
    <skipped/>
  </testcase> <!-- @AfterMethod afterMethod -->
  <testcase classname="pack0.VerifyRoomsPage2" name="@BeforeMethod openRoomPage" time="-1.664453673358E9">
    <skipped/>
  </testcase> <!-- @BeforeMethod openRoomPage -->
  <testcase classname="pack0.VerifyRoomsPage1" name="@BeforeClass creatPOMObject" time="-1.664453673365E9">
    <skipped/>
  </testcase> <!-- @BeforeClass creatPOMObject -->
  <testcase classname="pack0.VerifyRoomsPage2" name="@AfterMethod afterMethod" time="-1.664453673365E9">
    <skipped/>
  </testcase> <!-- @AfterMethod afterMethod -->
  <testcase classname="pack0.VerifyRoomsPage1" name="@BeforeMethod openRoomPage" time="-1.664453673369E9">
    <skipped/>
  </testcase> <!-- @BeforeMethod openRoomPage -->
  <testcase classname="pack0.VerifyRoomsPage2" name="@AfterClass afterClass" time="-1.664453673369E9">
    <skipped/>
  </testcase> <!-- @AfterClass afterClass -->
  <testcase classname="pack0.VerifyRoomsPage1" name="@AfterMethod afterMethod" time="-1.664453673379E9">
    <skipped/>
  </testcase> <!-- @AfterMethod afterMethod -->
  <testcase classname="pack0.VerifyRoomsPage1" name="@BeforeMethod openRoomPage" time="-1.664453673381E9">
    <skipped/>
  </testcase> <!-- @BeforeMethod openRoomPage -->
  <testcase classname="pack0.VerifyRoomsPage1" name="@AfterMethod afterMethod" time="-1.664453673393E9">
    <skipped/>
  </testcase> <!-- @AfterMethod afterMethod -->
  <testcase classname="pack0.VerifyRoomsPage1" name="@AfterClass afterClass" time="-1.664453673393E9">
    <skipped/>
  </testcase> <!-- @AfterClass afterClass -->
  <testcase classname="pack0.VerifyRoomsPage1" name="@AfterTest closeBrowser" time="-1.664453673395E9">
    <skipped/>
  </testcase> <!-- @AfterTest closeBrowser -->
  <testcase classname="pack0.VerifyRoomsPage2" name="@AfterTest closeBrowser" time="-1.664453673397E9">
    <skipped/>
  </testcase> <!-- @AfterTest closeBrowser -->
  <testcase classname="pack0.VerifyRoomsPage2" name="verifycontactToHelpCenterButton" time="0.0">
    <skipped/>
  </testcase> <!-- verifycontactToHelpCenterButton -->
  <testcase classname="pack0.VerifyRoomsPage2" name="verifygoBackToMessengerButton" time="0.0">
    <skipped/>
  </testcase> <!-- verifygoBackToMessengerButton -->
  <testcase classname="pack0.VerifyRoomsPage1" name="verifycontactToHelpCenterButton" time="0.0">
    <skipped/>
  </testcase> <!-- verifycontactToHelpCenterButton -->
  <testcase classname="pack0.VerifyRoomsPage1" name="verifygoBackToMessengerButton" time="0.0">
    <skipped/>
  </testcase> <!-- verifygoBackToMessengerButton -->
</testsuite> <!-- FirefoxTest -->
