<?xml version="1.0" encoding="UTF-8"?>
<!-- Generated by org.testng.reporters.JUnitXMLReporter -->
<testsuite ignored="0" hostname="MOHAN" failures="0" tests="4" name="ForefoxTest" time="0.083" errors="0" timestamp="2022-09-21T12:52:38 IST">
  <testcase classname="pack0.TestNGClass" name="@BeforeTest openBrowser" time="0.021">
    <failure type="java.lang.IllegalStateException" message="The path to the driver executable must be set by the webdriver.gecko.driver system property; for more information, see https://github.com/mozilla/geckodriver. The latest version can be downloaded from https://github.com/mozilla/geckodriver/releases">
      <![CDATA[java.lang.IllegalStateException: The path to the driver executable must be set by the webdriver.gecko.driver system property; for more information, see https://github.com/mozilla/geckodriver. The latest version can be downloaded from https://github.com/mozilla/geckodriver/releases
at com.google.common.base.Preconditions.checkState(Preconditions.java:847)
at org.openqa.selenium.remote.service.DriverService.findExecutable(DriverService.java:134)
at org.openqa.selenium.firefox.GeckoDriverService.access$100(GeckoDriverService.java:44)
at org.openqa.selenium.firefox.GeckoDriverService$Builder.findDefaultExecutable(GeckoDriverService.java:167)
at org.openqa.selenium.remote.service.DriverService$Builder.build(DriverService.java:355)
at org.openqa.selenium.firefox.FirefoxDriver.toExecutor(FirefoxDriver.java:190)
at org.openqa.selenium.firefox.FirefoxDriver.<init>(FirefoxDriver.java:147)
at org.openqa.selenium.firefox.FirefoxDriver.<init>(FirefoxDriver.java:125)
at pack0.TestNGClass.openBrowser(TestNGClass.java:45)
... Removed 22 stack frames]]>
    </failure>
  </testcase> <!-- @BeforeTest openBrowser -->
  <testcase classname="pack0.VerifyRoomsPage1" name="@BeforeTest openBrowser" time="-1.663744958667E9">
    <skipped/>
  </testcase> <!-- @BeforeTest openBrowser -->
  <testcase classname="pack0.TestNGClass" name="@BeforeClass creatPOMObject" time="-1.663744958672E9">
    <skipped/>
  </testcase> <!-- @BeforeClass creatPOMObject -->
  <testcase classname="pack0.TestNGClass" name="@BeforeMethod openRoomPage" time="-1.663744958678E9">
    <skipped/>
  </testcase> <!-- @BeforeMethod openRoomPage -->
  <testcase classname="pack0.VerifyRoomsPage1" name="@BeforeClass creatPOMObject" time="-1.663744958674E9">
    <skipped/>
  </testcase> <!-- @BeforeClass creatPOMObject -->
  <testcase classname="pack0.TestNGClass" name="@AfterMethod lojoutFromApplication" time="-1.663744958688E9">
    <skipped/>
  </testcase> <!-- @AfterMethod lojoutFromApplication -->
  <testcase classname="pack0.VerifyRoomsPage1" name="@BeforeMethod openRoomPage" time="-1.663744958691E9">
    <skipped/>
  </testcase> <!-- @BeforeMethod openRoomPage -->
  <testcase classname="pack0.TestNGClass" name="@BeforeMethod openRoomPage" time="-1.663744958692E9">
    <skipped/>
  </testcase> <!-- @BeforeMethod openRoomPage -->
  <testcase classname="pack0.VerifyRoomsPage1" name="@AfterMethod afterMethod" time="-1.663744958699E9">
    <skipped/>
  </testcase> <!-- @AfterMethod afterMethod -->
  <testcase classname="pack0.VerifyRoomsPage1" name="@BeforeMethod openRoomPage" time="-1.663744958702E9">
    <skipped/>
  </testcase> <!-- @BeforeMethod openRoomPage -->
  <testcase classname="pack0.TestNGClass" name="@AfterMethod lojoutFromApplication" time="-1.663744958699E9">
    <skipped/>
  </testcase> <!-- @AfterMethod lojoutFromApplication -->
  <testcase classname="pack0.VerifyRoomsPage1" name="@AfterMethod afterMethod" time="-1.663744958706E9">
    <skipped/>
  </testcase> <!-- @AfterMethod afterMethod -->
  <testcase classname="pack0.TestNGClass" name="@AfterClass clearObjects" time="-1.66374495871E9">
    <skipped/>
  </testcase> <!-- @AfterClass clearObjects -->
  <testcase classname="pack0.VerifyRoomsPage1" name="@AfterClass afterClass" time="-1.663744958709E9">
    <skipped/>
  </testcase> <!-- @AfterClass afterClass -->
  <testcase classname="pack0.VerifyRoomsPage1" name="@AfterClass closeBrowser" time="-1.663744958711E9">
    <skipped/>
  </testcase> <!-- @AfterClass closeBrowser -->
  <testcase classname="pack0.TestNGClass" name="@AfterTest closeBrowser" time="-1.663744958716E9">
    <skipped/>
  </testcase> <!-- @AfterTest closeBrowser -->
  <testcase classname="pack0.TestNGClass" name="verifyReturnToMessengerButton" time="0.0">
    <skipped/>
  </testcase> <!-- verifyReturnToMessengerButton -->
  <testcase classname="pack0.VerifyRoomsPage1" name="verifycontactToHelpCenterButton" time="0.0">
    <skipped/>
  </testcase> <!-- verifycontactToHelpCenterButton -->
  <testcase classname="pack0.TestNGClass" name="verifycontactToHelpCenterButton" time="0.0">
    <skipped/>
  </testcase> <!-- verifycontactToHelpCenterButton -->
  <testcase classname="pack0.VerifyRoomsPage1" name="verifygoBackToMessengerButton" time="0.0">
    <skipped/>
  </testcase> <!-- verifygoBackToMessengerButton -->
</testsuite> <!-- ForefoxTest -->
